<?xml version="1.0" encoding="UTF-8"?>
<!-- Generated by org.testng.reporters.JUnitReportReporter -->
<testsuite skipped="0" hostname="LAPTOP-4PCTMNT8" name="testcases.HomePageTest" tests="1" failures="0" timestamp="01 May 2023 08:18:17 GMT" time="4.328" errors="0">
  <testcase name="test3" time="4.328" classname="testcases.HomePageTest"/>
</testsuite> <!-- testcases.HomePageTest -->
