<?xml version="1.0" encoding="UTF-8"?>
<!-- Generated by org.testng.reporters.JUnitReportReporter -->
<testsuite hostname="LAPTOP-4PCTMNT8" failures="0" tests="1" name="testcases.LoginTest" time="14.904" errors="0" timestamp="02 May 2023 07:33:39 GMT" skipped="0">
  <testcase classname="testcases.LoginTest" name="test4" time="14.904"/>
</testsuite> <!-- testcases.LoginTest -->
