<?xml version="1.0" encoding="UTF-8"?>
<!-- Generated by org.testng.reporters.JUnitReportReporter -->
<testsuite hostname="LAPTOP-4PCTMNT8" failures="0" tests="1" name="testcases.HomePageTest" time="0.034" errors="0" timestamp="11 May 2023 13:40:15 GMT" skipped="0">
  <testcase classname="testcases.HomePageTest" name="test3" time="0.034"/>
</testsuite> <!-- testcases.HomePageTest -->
