<?xml version="1.0" encoding="UTF-8"?>
<!-- Generated by org.testng.reporters.JUnitReportReporter -->
<testsuite skipped="0" hostname="LAPTOP-4PCTMNT8" name="testcases.LoginTest" tests="3" failures="0" timestamp="05 May 2023 08:10:22 GMT" time="45.094" errors="0">
  <testcase name="test1" time="18.257" classname="testcases.LoginTest"/>
  <testcase name="test2" time="13.449" classname="testcases.LoginTest"/>
  <testcase name="test4" time="13.388" classname="testcases.LoginTest"/>
</testsuite> <!-- testcases.LoginTest -->
