<?xml version="1.0" encoding="UTF-8"?>
<!-- Generated by org.testng.reporters.JUnitReportReporter -->
<testsuite skipped="0" hostname="LAPTOP-4PCTMNT8" name="testcases.HomePageTest" tests="1" failures="0" timestamp="11 May 2023 14:58:11 GMT" time="0.023" errors="0">
  <testcase name="test3" time="0.023" classname="testcases.HomePageTest"/>
</testsuite> <!-- testcases.HomePageTest -->
